Group 0 - White
Group 1 - Black
Board:
    1    2    3    4    5    6    7    8    9  
   ──── ──── ──── ──── ──── ──── ──── ──── ────
A|  --   --   --   --   --   --   --   --   --  |A
B|  --   --   --   --   --   --   --   --   --  |B
C|  --   --   --   --   --   --   --   --   --  |C
D|  --   --   --   --   --   --   --   --   --  |D
E|  --   --   --   --   --   --   --   --   --  |E
F|  --   --   --   --   --   --   --   --   --  |F
G|  --   --   --   --   --   --   --   --   --  |G
H|  --   --   --   --   --   --   --   --   --  |H
I|  --   --   --   --   --   --   --   --   --  |I
   ──── ──── ──── ──── ──── ──── ──── ──── ────
    1    2    3    4    5    6    7    8    9  

Elapsed time: 941
MOVE E5
Moves: 1 | White pawns: 13 | Black pawns: 12
Board:
    1    2    3    4    5    6    7    8    9  
   ──── ──── ──── ──── ──── ──── ──── ──── ────
A|  --   --   --   --   --   --   --   --   --  |A
B|  --   --   --   --   --   --   --   --   --  |B
C|  --   --   --   --   --   --   --   --   --  |C
D|  --   --   --   --   --   --   --   --   --  |D
E|  --   --   --   --   MW   --   --   --   --  |E
F|  --   --   --   --   --   --   --   --   --  |F
G|  --   --   --   --   --   --   --   --   --  |G
H|  --   --   --   --   --   --   --   --   --  |H
I|  --   --   --   --   --   --   --   --   --  |I
   ──── ──── ──── ──── ──── ──── ──── ──── ────
    1    2    3    4    5    6    7    8    9  

Elapsed time: 940
MOVE A8
Moves: 2 | White pawns: 13 | Black pawns: 13
Board:
    1    2    3    4    5    6    7    8    9  
   ──── ──── ──── ──── ──── ──── ──── ──── ────
A|  --   --   --   --   --   --   --   MB   --  |A
B|  --   --   --   --   --   --   --   --   --  |B
C|  --   --   --   --   --   --   --   --   --  |C
D|  --   --   --   --   --   --   --   --   --  |D
E|  --   --   --   --   MW   --   --   --   --  |E
F|  --   --   --   --   --   --   --   --   --  |F
G|  --   --   --   --   --   --   --   --   --  |G
H|  --   --   --   --   --   --   --   --   --  |H
I|  --   --   --   --   --   --   --   --   --  |I
   ──── ──── ──── ──── ──── ──── ──── ──── ────
    1    2    3    4    5    6    7    8    9  

Elapsed time: 951
MOVE B2
Moves: 3 | White pawns: 14 | Black pawns: 13
Board:
    1    2    3    4    5    6    7    8    9  
   ──── ──── ──── ──── ──── ──── ──── ──── ────
A|  --   --   --   --   --   --   --   MB   --  |A
B|  --   MW   --   --   --   --   --   --   --  |B
C|  --   --   --   --   --   --   --   --   --  |C
D|  --   --   --   --   --   --   --   --   --  |D
E|  --   --   --   --   MW   --   --   --   --  |E
F|  --   --   --   --   --   --   --   --   --  |F
G|  --   --   --   --   --   --   --   --   --  |G
H|  --   --   --   --   --   --   --   --   --  |H
I|  --   --   --   --   --   --   --   --   --  |I
   ──── ──── ──── ──── ──── ──── ──── ──── ────
    1    2    3    4    5    6    7    8    9  

Elapsed time: 938
MOVE C8
Moves: 4 | White pawns: 14 | Black pawns: 14
Board:
    1    2    3    4    5    6    7    8    9  
   ──── ──── ──── ──── ──── ──── ──── ──── ────
A|  --   --   --   --   --   --   --   MB   --  |A
B|  --   MW   --   --   --   --   --   --   --  |B
C|  --   --   --   --   --   --   --   MB   --  |C
D|  --   --   --   --   --   --   --   --   --  |D
E|  --   --   --   --   MW   --   --   --   --  |E
F|  --   --   --   --   --   --   --   --   --  |F
G|  --   --   --   --   --   --   --   --   --  |G
H|  --   --   --   --   --   --   --   --   --  |H
I|  --   --   --   --   --   --   --   --   --  |I
   ──── ──── ──── ──── ──── ──── ──── ──── ────
    1    2    3    4    5    6    7    8    9  

Elapsed time: 940
MOVE B5
Moves: 5 | White pawns: 15 | Black pawns: 14
Board:
    1    2    3    4    5    6    7    8    9  
   ──── ──── ──── ──── ──── ──── ──── ──── ────
A|  --   --   --   --   --   --   --   MB   --  |A
B|  --   MW   --   --   MW   --   --   --   --  |B
C|  --   --   --   --   --   --   --   MB   --  |C
D|  --   --   --   --   --   --   --   --   --  |D
E|  --   --   --   --   MW   --   --   --   --  |E
F|  --   --   --   --   --   --   --   --   --  |F
G|  --   --   --   --   --   --   --   --   --  |G
H|  --   --   --   --   --   --   --   --   --  |H
I|  --   --   --   --   --   --   --   --   --  |I
   ──── ──── ──── ──── ──── ──── ──── ──── ────
    1    2    3    4    5    6    7    8    9  

Elapsed time: 938
MOVE G9
Moves: 6 | White pawns: 15 | Black pawns: 15
Board:
    1    2    3    4    5    6    7    8    9  
   ──── ──── ──── ──── ──── ──── ──── ──── ────
A|  --   --   --   --   --   --   --   MB   --  |A
B|  --   MW   --   --   MW   --   --   --   --  |B
C|  --   --   --   --   --   --   --   MB   --  |C
D|  --   --   --   --   --   --   --   --   --  |D
E|  --   --   --   --   MW   --   --   --   --  |E
F|  --   --   --   --   --   --   --   --   --  |F
G|  --   --   --   --   --   --   --   --   MB  |G
H|  --   --   --   --   --   --   --   --   --  |H
I|  --   --   --   --   --   --   --   --   --  |I
   ──── ──── ──── ──── ──── ──── ──── ──── ────
    1    2    3    4    5    6    7    8    9  

Elapsed time: 943
MOVE H8
Moves: 7 | White pawns: 16 | Black pawns: 15
Board:
    1    2    3    4    5    6    7    8    9  
   ──── ──── ──── ──── ──── ──── ──── ──── ────
A|  --   --   --   --   --   --   --   MB   --  |A
B|  --   MW   --   --   MW   --   --   --   --  |B
C|  --   --   --   --   --   --   --   MB   --  |C
D|  --   --   --   --   --   --   --   --   --  |D
E|  --   --   --   --   MW   --   --   --   --  |E
F|  --   --   --   --   --   --   --   --   --  |F
G|  --   --   --   --   --   --   --   --   MB  |G
H|  --   --   --   --   --   --   --   MW   --  |H
I|  --   --   --   --   --   --   --   --   --  |I
   ──── ──── ──── ──── ──── ──── ──── ──── ────
    1    2    3    4    5    6    7    8    9  

Elapsed time: 936
MOVE D7
Moves: 8 | White pawns: 16 | Black pawns: 16
Board:
    1    2    3    4    5    6    7    8    9  
   ──── ──── ──── ──── ──── ──── ──── ──── ────
A|  --   --   --   --   --   --   --   MB   --  |A
B|  --   MW   --   --   MW   --   --   --   --  |B
C|  --   --   --   --   --   --   --   MB   --  |C
D|  --   --   --   --   --   --   MB   --   --  |D
E|  --   --   --   --   MW   --   --   --   --  |E
F|  --   --   --   --   --   --   --   --   --  |F
G|  --   --   --   --   --   --   --   --   MB  |G
H|  --   --   --   --   --   --   --   MW   --  |H
I|  --   --   --   --   --   --   --   --   --  |I
   ──── ──── ──── ──── ──── ──── ──── ──── ────
    1    2    3    4    5    6    7    8    9  

Elapsed time: 940
MOVE E2
Moves: 9 | White pawns: 17 | Black pawns: 16
Board:
    1    2    3    4    5    6    7    8    9  
   ──── ──── ──── ──── ──── ──── ──── ──── ────
A|  --   --   --   --   --   --   --   MB   --  |A
B|  --   MW   --   --   MW   --   --   --   --  |B
C|  --   --   --   --   --   --   --   MB   --  |C
D|  --   --   --   --   --   --   MB   --   --  |D
E|  --   MW   --   --   MW   --   --   --   --  |E
F|  --   --   --   --   --   --   --   --   --  |F
G|  --   --   --   --   --   --   --   --   MB  |G
H|  --   --   --   --   --   --   --   MW   --  |H
I|  --   --   --   --   --   --   --   --   --  |I
   ──── ──── ──── ──── ──── ──── ──── ──── ────
    1    2    3    4    5    6    7    8    9  

Elapsed time: 940
MOVE E9
Moves: 10 | White pawns: 17 | Black pawns: 17
Board:
    1    2    3    4    5    6    7    8    9  
   ──── ──── ──── ──── ──── ──── ──── ──── ────
A|  --   --   --   --   --   --   --   MB   --  |A
B|  --   MW   --   --   MW   --   --   --   --  |B
C|  --   --   --   --   --   --   --   MB   --  |C
D|  --   --   --   --   --   --   MB   --   --  |D
E|  --   MW   --   --   MW   --   --   --   MB  |E
F|  --   --   --   --   --   --   --   --   --  |F
G|  --   --   --   --   --   --   --   --   MB  |G
H|  --   --   --   --   --   --   --   MW   --  |H
I|  --   --   --   --   --   --   --   --   --  |I
   ──── ──── ──── ──── ──── ──── ──── ──── ────
    1    2    3    4    5    6    7    8    9  

Elapsed time: 939
MOVE H2
Moves: 11 | White pawns: 18 | Black pawns: 17
Board:
    1    2    3    4    5    6    7    8    9  
   ──── ──── ──── ──── ──── ──── ──── ──── ────
A|  --   --   --   --   --   --   --   MB   --  |A
B|  --   MW   --   --   MW   --   --   --   --  |B
C|  --   --   --   --   --   --   --   MB   --  |C
D|  --   --   --   --   --   --   MB   --   --  |D
E|  --   MW   --   --   MW   --   --   --   MB  |E
F|  --   --   --   --   --   --   --   --   --  |F
G|  --   --   --   --   --   --   --   --   MB  |G
H|  --   MW   --   --   --   --   --   MW   --  |H
I|  --   --   --   --   --   --   --   --   --  |I
   ──── ──── ──── ──── ──── ──── ──── ──── ────
    1    2    3    4    5    6    7    8    9  

Elapsed time: 943
MOVE F8
Moves: 12 | White pawns: 18 | Black pawns: 18
Board:
    1    2    3    4    5    6    7    8    9  
   ──── ──── ──── ──── ──── ──── ──── ──── ────
A|  --   --   --   --   --   --   --   MB   --  |A
B|  --   MW   --   --   MW   --   --   --   --  |B
C|  --   --   --   --   --   --   --   MB   --  |C
D|  --   --   --   --   --   --   MB   --   --  |D
E|  --   MW   --   --   MW   --   --   --   MB  |E
F|  --   --   --   --   --   --   --   MB   --  |F
G|  --   --   --   --   --   --   --   --   MB  |G
H|  --   MW   --   --   --   --   --   MW   --  |H
I|  --   --   --   --   --   --   --   --   --  |I
   ──── ──── ──── ──── ──── ──── ──── ──── ────
    1    2    3    4    5    6    7    8    9  

Elapsed time: 943
MOVE H5
Moves: 13 | White pawns: 19 | Black pawns: 18
Board:
    1    2    3    4    5    6    7    8    9  
   ──── ──── ──── ──── ──── ──── ──── ──── ────
A|  --   --   --   --   --   --   --   MB   --  |A
B|  --   MW   --   --   MW   --   --   --   --  |B
C|  --   --   --   --   --   --   --   MB   --  |C
D|  --   --   --   --   --   --   MB   --   --  |D
E|  --   MW   --   --   MW   --   --   --   MB  |E
F|  --   --   --   --   --   --   --   MB   --  |F
G|  --   --   --   --   --   --   --   --   MB  |G
H|  --   MW   --   --   MW   --   --   MW   --  |H
I|  --   --   --   --   --   --   --   --   --  |I
   ──── ──── ──── ──── ──── ──── ──── ──── ────
    1    2    3    4    5    6    7    8    9  

Elapsed time: 934
MOVE H9
Moves: 14 | White pawns: 19 | Black pawns: 19
Board:
    1    2    3    4    5    6    7    8    9  
   ──── ──── ──── ──── ──── ──── ──── ──── ────
A|  --   --   --   --   --   --   --   MB   --  |A
B|  --   MW   --   --   MW   --   --   --   --  |B
C|  --   --   --   --   --   --   --   MB   --  |C
D|  --   --   --   --   --   --   MB   --   --  |D
E|  --   MW   --   --   MW   --   --   --   MB  |E
F|  --   --   --   --   --   --   --   MB   --  |F
G|  --   --   --   --   --   --   --   --   MB  |G
H|  --   MW   --   --   MW   --   --   MW   MB  |H
I|  --   --   --   --   --   --   --   --   --  |I
   ──── ──── ──── ──── ──── ──── ──── ──── ────
    1    2    3    4    5    6    7    8    9  

Elapsed time: 943
MOVE A1
Moves: 15 | White pawns: 20 | Black pawns: 19
Board:
    1    2    3    4    5    6    7    8    9  
   ──── ──── ──── ──── ──── ──── ──── ──── ────
A|  MW   --   --   --   --   --   --   MB   --  |A
B|  --   MW   --   --   MW   --   --   --   --  |B
C|  --   --   --   --   --   --   --   MB   --  |C
D|  --   --   --   --   --   --   MB   --   --  |D
E|  --   MW   --   --   MW   --   --   --   MB  |E
F|  --   --   --   --   --   --   --   MB   --  |F
G|  --   --   --   --   --   --   --   --   MB  |G
H|  --   MW   --   --   MW   --   --   MW   MB  |H
I|  --   --   --   --   --   --   --   --   --  |I
   ──── ──── ──── ──── ──── ──── ──── ──── ────
    1    2    3    4    5    6    7    8    9  

Elapsed time: 934
MOVE F3
Moves: 16 | White pawns: 20 | Black pawns: 20
Board:
    1    2    3    4    5    6    7    8    9  
   ──── ──── ──── ──── ──── ──── ──── ──── ────
A|  MW   --   --   --   --   --   --   MB   --  |A
B|  --   MW   --   --   MW   --   --   --   --  |B
C|  --   --   --   --   --   --   --   MB   --  |C
D|  --   --   --   --   --   --   MB   --   --  |D
E|  --   MW   --   --   MW   --   --   --   MB  |E
F|  --   --   MB   --   --   --   --   MB   --  |F
G|  --   --   --   --   --   --   --   --   MB  |G
H|  --   MW   --   --   MW   --   --   MW   MB  |H
I|  --   --   --   --   --   --   --   --   --  |I
   ──── ──── ──── ──── ──── ──── ──── ──── ────
    1    2    3    4    5    6    7    8    9  

Elapsed time: 944
MOVE A4
Moves: 17 | White pawns: 21 | Black pawns: 20
Board:
    1    2    3    4    5    6    7    8    9  
   ──── ──── ──── ──── ──── ──── ──── ──── ────
A|  MW   --   --   MW   --   --   --   MB   --  |A
B|  --   MW   --   --   MW   --   --   --   --  |B
C|  --   --   --   --   --   --   --   MB   --  |C
D|  --   --   --   --   --   --   MB   --   --  |D
E|  --   MW   --   --   MW   --   --   --   MB  |E
F|  --   --   MB   --   --   --   --   MB   --  |F
G|  --   --   --   --   --   --   --   --   MB  |G
H|  --   MW   --   --   MW   --   --   MW   MB  |H
I|  --   --   --   --   --   --   --   --   --  |I
   ──── ──── ──── ──── ──── ──── ──── ──── ────
    1    2    3    4    5    6    7    8    9  

Elapsed time: 943
MOVE B7
Moves: 18 | White pawns: 21 | Black pawns: 21
Board:
    1    2    3    4    5    6    7    8    9  
   ──── ──── ──── ──── ──── ──── ──── ──── ────
A|  MW   --   --   MW   --   --   --   MB   --  |A
B|  --   MW   --   --   MW   --   MB   --   --  |B
C|  --   --   --   --   --   --   --   MB   --  |C
D|  --   --   --   --   --   --   MB   --   --  |D
E|  --   MW   --   --   MW   --   --   --   MB  |E
F|  --   --   MB   --   --   --   --   MB   --  |F
G|  --   --   --   --   --   --   --   --   MB  |G
H|  --   MW   --   --   MW   --   --   MW   MB  |H
I|  --   --   --   --   --   --   --   --   --  |I
   ──── ──── ──── ──── ──── ──── ──── ──── ────
    1    2    3    4    5    6    7    8    9  

Elapsed time: 957
MOVE A6
Moves: 19 | White pawns: 22 | Black pawns: 21
Board:
    1    2    3    4    5    6    7    8    9  
   ──── ──── ──── ──── ──── ──── ──── ──── ────
A|  MW   --   --   MW   --   MW   --   MB   --  |A
B|  --   MW   --   --   MW   --   MB   --   --  |B
C|  --   --   --   --   --   --   --   MB   --  |C
D|  --   --   --   --   --   --   MB   --   --  |D
E|  --   MW   --   --   MW   --   --   --   MB  |E
F|  --   --   MB   --   --   --   --   MB   --  |F
G|  --   --   --   --   --   --   --   --   MB  |G
H|  --   MW   --   --   MW   --   --   MW   MB  |H
I|  --   --   --   --   --   --   --   --   --  |I
   ──── ──── ──── ──── ──── ──── ──── ──── ────
    1    2    3    4    5    6    7    8    9  

Elapsed time: 933
MOVE E3
Moves: 20 | White pawns: 22 | Black pawns: 22
Board:
    1    2    3    4    5    6    7    8    9  
   ──── ──── ──── ──── ──── ──── ──── ──── ────
A|  MW   --   --   MW   --   MW   --   MB   --  |A
B|  --   MW   --   --   MW   --   MB   --   --  |B
C|  --   --   --   --   --   --   --   MB   --  |C
D|  --   --   --   --   --   --   MB   --   --  |D
E|  --   MW   MB   --   MW   --   --   --   MB  |E
F|  --   --   MB   --   --   --   --   MB   --  |F
G|  --   --   --   --   --   --   --   --   MB  |G
H|  --   MW   --   --   MW   --   --   MW   MB  |H
I|  --   --   --   --   --   --   --   --   --  |I
   ──── ──── ──── ──── ──── ──── ──── ──── ────
    1    2    3    4    5    6    7    8    9  

Elapsed time: 941
MOVE G1
Moves: 21 | White pawns: 23 | Black pawns: 22
Board:
    1    2    3    4    5    6    7    8    9  
   ──── ──── ──── ──── ──── ──── ──── ──── ────
A|  MW   --   --   MW   --   MW   --   MB   --  |A
B|  --   MW   --   --   MW   --   MB   --   --  |B
C|  --   --   --   --   --   --   --   MB   --  |C
D|  --   --   --   --   --   --   MB   --   --  |D
E|  --   MW   MB   --   MW   --   --   --   MB  |E
F|  --   --   MB   --   --   --   --   MB   --  |F
G|  MW   --   --   --   --   --   --   --   MB  |G
H|  --   MW   --   --   MW   --   --   MW   MB  |H
I|  --   --   --   --   --   --   --   --   --  |I
   ──── ──── ──── ──── ──── ──── ──── ──── ────
    1    2    3    4    5    6    7    8    9  

Elapsed time: 942
MOVE F2
Moves: 22 | White pawns: 23 | Black pawns: 23
Board:
    1    2    3    4    5    6    7    8    9  
   ──── ──── ──── ──── ──── ──── ──── ──── ────
A|  MW   --   --   MW   --   MW   --   MB   --  |A
B|  --   MW   --   --   MW   --   MB   --   --  |B
C|  --   --   --   --   --   --   --   MB   --  |C
D|  --   --   --   --   --   --   MB   --   --  |D
E|  --   MW   MB   --   MW   --   --   --   MB  |E
F|  --   MB   MB   --   --   --   --   MB   --  |F
G|  MW   --   --   --   --   --   --   --   MB  |G
H|  --   MW   --   --   MW   --   --   MW   MB  |H
I|  --   --   --   --   --   --   --   --   --  |I
   ──── ──── ──── ──── ──── ──── ──── ──── ────
    1    2    3    4    5    6    7    8    9  

Elapsed time: 932
MOVE B9
Moves: 23 | White pawns: 24 | Black pawns: 23
Board:
    1    2    3    4    5    6    7    8    9  
   ──── ──── ──── ──── ──── ──── ──── ──── ────
A|  MW   --   --   MW   --   MW   --   MB   --  |A
B|  --   MW   --   --   MW   --   MB   --   MW  |B
C|  --   --   --   --   --   --   --   MB   --  |C
D|  --   --   --   --   --   --   MB   --   --  |D
E|  --   MW   MB   --   MW   --   --   --   MB  |E
F|  --   MB   MB   --   --   --   --   MB   --  |F
G|  MW   --   --   --   --   --   --   --   MB  |G
H|  --   MW   --   --   MW   --   --   MW   MB  |H
I|  --   --   --   --   --   --   --   --   --  |I
   ──── ──── ──── ──── ──── ──── ──── ──── ────
    1    2    3    4    5    6    7    8    9  

Elapsed time: 940
MOVE G7
Moves: 24 | White pawns: 24 | Black pawns: 24
Board:
    1    2    3    4    5    6    7    8    9  
   ──── ──── ──── ──── ──── ──── ──── ──── ────
A|  MW   --   --   MW   --   MW   --   MB   --  |A
B|  --   MW   --   --   MW   --   MB   --   MW  |B
C|  --   --   --   --   --   --   --   MB   --  |C
D|  --   --   --   --   --   --   MB   --   --  |D
E|  --   MW   MB   --   MW   --   --   --   MB  |E
F|  --   MB   MB   --   --   --   --   MB   --  |F
G|  MW   --   --   --   --   --   MB   --   MB  |G
H|  --   MW   --   --   MW   --   --   MW   MB  |H
I|  --   --   --   --   --   --   --   --   --  |I
   ──── ──── ──── ──── ──── ──── ──── ──── ────
    1    2    3    4    5    6    7    8    9  

Elapsed time: 943
MOVE A9
Moves: 25 | White pawns: 25 | Black pawns: 24
Board:
    1    2    3    4    5    6    7    8    9  
   ──── ──── ──── ──── ──── ──── ──── ──── ────
A|  MW   --   --   MW   --   MW   --   MB   MW  |A
B|  --   MW   --   --   MW   --   MB   --   MW  |B
C|  --   --   --   --   --   --   --   MB   --  |C
D|  --   --   --   --   --   --   MB   --   --  |D
E|  --   MW   MB   --   MW   --   --   --   MB  |E
F|  --   MB   MB   --   --   --   --   MB   --  |F
G|  MW   --   --   --   --   --   MB   --   MB  |G
H|  --   MW   --   --   MW   --   --   MW   MB  |H
I|  --   --   --   --   --   --   --   --   --  |I
   ──── ──── ──── ──── ──── ──── ──── ──── ────
    1    2    3    4    5    6    7    8    9  

Elapsed time: 941
MOVE F1
Moves: 26 | White pawns: 25 | Black pawns: 25
Board:
    1    2    3    4    5    6    7    8    9  
   ──── ──── ──── ──── ──── ──── ──── ──── ────
A|  MW   --   --   MW   --   MW   --   MB   MW  |A
B|  --   MW   --   --   MW   --   MB   --   MW  |B
C|  --   --   --   --   --   --   --   MB   --  |C
D|  --   --   --   --   --   --   MB   --   --  |D
E|  --   MW   MB   --   MW   --   --   --   MB  |E
F|  MB   MB   MB   --   --   --   --   MB   --  |F
G|  MW   --   --   --   --   --   MB   --   MB  |G
H|  --   MW   --   --   MW   --   --   MW   MB  |H
I|  --   --   --   --   --   --   --   --   --  |I
   ──── ──── ──── ──── ──── ──── ──── ──── ────
    1    2    3    4    5    6    7    8    9  

Elapsed time: 936
MOVE C1
Moves: 27 | White pawns: 26 | Black pawns: 25
Board:
    1    2    3    4    5    6    7    8    9  
   ──── ──── ──── ──── ──── ──── ──── ──── ────
A|  MW   --   --   MW   --   MW   --   MB   MW  |A
B|  --   MW   --   --   MW   --   MB   --   MW  |B
C|  MW   --   --   --   --   --   --   MB   --  |C
D|  --   --   --   --   --   --   MB   --   --  |D
E|  --   MW   MB   --   MW   --   --   --   MB  |E
F|  MB   MB   MB   --   --   --   --   MB   --  |F
G|  MW   --   --   --   --   --   MB   --   MB  |G
H|  --   MW   --   --   MW   --   --   MW   MB  |H
I|  --   --   --   --   --   --   --   --   --  |I
   ──── ──── ──── ──── ──── ──── ──── ──── ────
    1    2    3    4    5    6    7    8    9  

Elapsed time: 938
MOVE F6
Moves: 28 | White pawns: 26 | Black pawns: 26
Board:
    1    2    3    4    5    6    7    8    9  
   ──── ──── ──── ──── ──── ──── ──── ──── ────
A|  MW   --   --   MW   --   MW   --   MB   MW  |A
B|  --   MW   --   --   MW   --   MB   --   MW  |B
C|  MW   --   --   --   --   --   --   MB   --  |C
D|  --   --   --   --   --   --   MB   --   --  |D
E|  --   MW   MB   --   MW   --   --   --   MB  |E
F|  MB   MB   MB   --   --   MB   --   MB   --  |F
G|  MW   --   --   --   --   --   MB   --   MB  |G
H|  --   MW   --   --   MW   --   --   MW   MB  |H
I|  --   --   --   --   --   --   --   --   --  |I
   ──── ──── ──── ──── ──── ──── ──── ──── ────
    1    2    3    4    5    6    7    8    9  

Elapsed time: 933
MOVE C3
Moves: 29 | White pawns: 27 | Black pawns: 26
Board:
    1    2    3    4    5    6    7    8    9  
   ──── ──── ──── ──── ──── ──── ──── ──── ────
A|  MW   --   --   MW   --   MW   --   MB   MW  |A
B|  --   MW   --   --   MW   --   MB   --   MW  |B
C|  MW   --   MW   --   --   --   --   MB   --  |C
D|  --   --   --   --   --   --   MB   --   --  |D
E|  --   MW   MB   --   MW   --   --   --   MB  |E
F|  MB   MB   MB   --   --   MB   --   MB   --  |F
G|  MW   --   --   --   --   --   MB   --   MB  |G
H|  --   MW   --   --   MW   --   --   MW   MB  |H
I|  --   --   --   --   --   --   --   --   --  |I
   ──── ──── ──── ──── ──── ──── ──── ──── ────
    1    2    3    4    5    6    7    8    9  

Elapsed time: 941
MOVE I4
Moves: 30 | White pawns: 27 | Black pawns: 27
Board:
    1    2    3    4    5    6    7    8    9  
   ──── ──── ──── ──── ──── ──── ──── ──── ────
A|  MW   --   --   MW   --   MW   --   MB   MW  |A
B|  --   MW   --   --   MW   --   MB   --   MW  |B
C|  MW   --   MW   --   --   --   --   MB   --  |C
D|  --   --   --   --   --   --   MB   --   --  |D
E|  --   MW   MB   --   MW   --   --   --   MB  |E
F|  MB   MB   MB   --   --   MB   --   MB   --  |F
G|  MW   --   --   --   --   --   MB   --   MB  |G
H|  --   MW   --   --   MW   --   --   MW   MB  |H
I|  --   --   --   MB   --   --   --   --   --  |I
   ──── ──── ──── ──── ──── ──── ──── ──── ────
    1    2    3    4    5    6    7    8    9  

Elapsed time: 932
MOVE C6
Moves: 31 | White pawns: 28 | Black pawns: 27
Board:
    1    2    3    4    5    6    7    8    9  
   ──── ──── ──── ──── ──── ──── ──── ──── ────
A|  MW   --   --   MW   --   MW   --   MB   MW  |A
B|  --   MW   --   --   MW   --   MB   --   MW  |B
C|  MW   --   MW   --   --   MW   --   MB   --  |C
D|  --   --   --   --   --   --   MB   --   --  |D
E|  --   MW   MB   --   MW   --   --   --   MB  |E
F|  MB   MB   MB   --   --   MB   --   MB   --  |F
G|  MW   --   --   --   --   --   MB   --   MB  |G
H|  --   MW   --   --   MW   --   --   MW   MB  |H
I|  --   --   --   MB   --   --   --   --   --  |I
   ──── ──── ──── ──── ──── ──── ──── ──── ────
    1    2    3    4    5    6    7    8    9  

Elapsed time: 936
MOVE D3
Moves: 32 | White pawns: 28 | Black pawns: 28
Board:
    1    2    3    4    5    6    7    8    9  
   ──── ──── ──── ──── ──── ──── ──── ──── ────
A|  MW   --   --   MW   --   MW   --   MB   MW  |A
B|  --   MW   --   --   MW   --   MB   --   MW  |B
C|  MW   --   MW   --   --   MW   --   MB   --  |C
D|  --   --   MB   --   --   --   MB   --   --  |D
E|  --   MW   MB   --   MW   --   --   --   MB  |E
F|  MB   MB   MB   --   --   MB   --   MB   --  |F
G|  MW   --   --   --   --   --   MB   --   MB  |G
H|  --   MW   --   --   MW   --   --   MW   MB  |H
I|  --   --   --   MB   --   --   --   --   --  |I
   ──── ──── ──── ──── ──── ──── ──── ──── ────
    1    2    3    4    5    6    7    8    9  

Elapsed time: 938
MOVE C9
Moves: 33 | White pawns: 29 | Black pawns: 28
Board:
    1    2    3    4    5    6    7    8    9  
   ──── ──── ──── ──── ──── ──── ──── ──── ────
A|  MW   --   --   MW   --   MW   --   MB   MW  |A
B|  --   MW   --   --   MW   --   MB   --   MW  |B
C|  MW   --   MW   --   --   MW   --   MB   MW  |C
D|  --   --   MB   --   --   --   MB   --   --  |D
E|  --   MW   MB   --   MW   --   --   --   MB  |E
F|  MB   MB   MB   --   --   MB   --   MB   --  |F
G|  MW   --   --   --   --   --   MB   --   MB  |G
H|  --   MW   --   --   MW   --   --   MW   MB  |H
I|  --   --   --   MB   --   --   --   --   --  |I
   ──── ──── ──── ──── ──── ──── ──── ──── ────
    1    2    3    4    5    6    7    8    9  

Elapsed time: 934
MOVE G4
Moves: 34 | White pawns: 29 | Black pawns: 29
Board:
    1    2    3    4    5    6    7    8    9  
   ──── ──── ──── ──── ──── ──── ──── ──── ────
A|  MW   --   --   MW   --   MW   --   MB   MW  |A
B|  --   MW   --   --   MW   --   MB   --   MW  |B
C|  MW   --   MW   --   --   MW   --   MB   MW  |C
D|  --   --   MB   --   --   --   MB   --   --  |D
E|  --   MW   MB   --   MW   --   --   --   MB  |E
F|  MB   MB   MB   --   --   MB   --   MB   --  |F
G|  MW   --   --   MB   --   --   MB   --   MB  |G
H|  --   MW   --   --   MW   --   --   MW   MB  |H
I|  --   --   --   MB   --   --   --   --   --  |I
   ──── ──── ──── ──── ──── ──── ──── ──── ────
    1    2    3    4    5    6    7    8    9  

Elapsed time: 942
MOVE D2
Moves: 35 | White pawns: 30 | Black pawns: 29
Board:
    1    2    3    4    5    6    7    8    9  
   ──── ──── ──── ──── ──── ──── ──── ──── ────
A|  MW   --   --   MW   --   MW   --   MB   MW  |A
B|  --   MW   --   --   MW   --   MB   --   MW  |B
C|  MW   --   MW   --   --   MW   --   MB   MW  |C
D|  --   MW   MB   --   --   --   MB   --   --  |D
E|  --   MW   MB   --   MW   --   --   --   MB  |E
F|  MB   MB   MB   --   --   MB   --   MB   --  |F
G|  MW   --   --   MB   --   --   MB   --   MB  |G
H|  --   MW   --   --   MW   --   --   MW   MB  |H
I|  --   --   --   MB   --   --   --   --   --  |I
   ──── ──── ──── ──── ──── ──── ──── ──── ────
    1    2    3    4    5    6    7    8    9  

Elapsed time: 937
MOVE I7
Moves: 36 | White pawns: 30 | Black pawns: 30
Board:
    1    2    3    4    5    6    7    8    9  
   ──── ──── ──── ──── ──── ──── ──── ──── ────
A|  MW   --   --   MW   --   MW   --   MB   MW  |A
B|  --   MW   --   --   MW   --   MB   --   MW  |B
C|  MW   --   MW   --   --   MW   --   MB   MW  |C
D|  --   MW   MB   --   --   --   MB   --   --  |D
E|  --   MW   MB   --   MW   --   --   --   MB  |E
F|  MB   MB   MB   --   --   MB   --   MB   --  |F
G|  MW   --   --   MB   --   --   MB   --   MB  |G
H|  --   MW   --   --   MW   --   --   MW   MB  |H
I|  --   --   --   MB   --   --   MB   --   --  |I
   ──── ──── ──── ──── ──── ──── ──── ──── ────
    1    2    3    4    5    6    7    8    9  

Elapsed time: 943
MOVE D6
Moves: 37 | White pawns: 31 | Black pawns: 30
Board:
    1    2    3    4    5    6    7    8    9  
   ──── ──── ──── ──── ──── ──── ──── ──── ────
A|  MW   --   --   MW   --   MW   --   MB   MW  |A
B|  --   MW   --   --   MW   --   MB   --   MW  |B
C|  MW   --   MW   --   --   MW   --   MB   MW  |C
D|  --   MW   MB   --   --   MW   MB   --   --  |D
E|  --   MW   MB   --   MW   --   --   --   MB  |E
F|  MB   MB   MB   --   --   MB   --   MB   --  |F
G|  MW   --   --   MB   --   --   MB   --   MB  |G
H|  --   MW   --   --   MW   --   --   MW   MB  |H
I|  --   --   --   MB   --   --   MB   --   --  |I
   ──── ──── ──── ──── ──── ──── ──── ──── ────
    1    2    3    4    5    6    7    8    9  

Elapsed time: 942
MOVE I8
Moves: 38 | White pawns: 31 | Black pawns: 31
Board:
    1    2    3    4    5    6    7    8    9  
   ──── ──── ──── ──── ──── ──── ──── ──── ────
A|  MW   --   --   MW   --   MW   --   MB   MW  |A
B|  --   MW   --   --   MW   --   MB   --   MW  |B
C|  MW   --   MW   --   --   MW   --   MB   MW  |C
D|  --   MW   MB   --   --   MW   MB   --   --  |D
E|  --   MW   MB   --   MW   --   --   --   MB  |E
F|  MB   MB   MB   --   --   MB   --   MB   --  |F
G|  MW   --   --   MB   --   --   MB   --   MB  |G
H|  --   MW   --   --   MW   --   --   MW   MB  |H
I|  --   --   --   MB   --   --   MB   MB   --  |I
   ──── ──── ──── ──── ──── ──── ──── ──── ────
    1    2    3    4    5    6    7    8    9  

Elapsed time: 936
MOVE I1
Moves: 39 | White pawns: 32 | Black pawns: 31
Board:
    1    2    3    4    5    6    7    8    9  
   ──── ──── ──── ──── ──── ──── ──── ──── ────
A|  MW   --   --   MW   --   MW   --   MB   MW  |A
B|  --   MW   --   --   MW   --   MB   --   MW  |B
C|  MW   --   MW   --   --   MW   --   MB   MW  |C
D|  --   MW   MB   --   --   MW   MB   --   --  |D
E|  --   MW   MB   --   MW   --   --   --   MB  |E
F|  MB   MB   MB   --   --   MB   --   MB   --  |F
G|  MW   --   --   MB   --   --   MB   --   MB  |G
H|  --   MW   --   --   MW   --   --   MW   MB  |H
I|  MW   --   --   MB   --   --   MB   MB   --  |I
   ──── ──── ──── ──── ──── ──── ──── ──── ────
    1    2    3    4    5    6    7    8    9  

Elapsed time: 931
MOVE F5
Moves: 40 | White pawns: 32 | Black pawns: 32
Board:
    1    2    3    4    5    6    7    8    9  
   ──── ──── ──── ──── ──── ──── ──── ──── ────
A|  MW   --   --   MW   --   MW   --   MB   MW  |A
B|  --   MW   --   --   MW   --   MB   --   MW  |B
C|  MW   --   MW   --   --   MW   --   MB   MW  |C
D|  --   MW   MB   --   --   MW   MB   --   --  |D
E|  --   MW   MB   --   MW   --   --   --   MB  |E
F|  MB   MB   MB   --   MB   MB   --   MB   --  |F
G|  MW   --   --   MB   --   --   MB   --   MB  |G
H|  --   MW   --   --   MW   --   --   MW   MB  |H
I|  MW   --   --   MB   --   --   MB   MB   --  |I
   ──── ──── ──── ──── ──── ──── ──── ──── ────
    1    2    3    4    5    6    7    8    9  

Elapsed time: 937
MOVE E4
Moves: 41 | White pawns: 33 | Black pawns: 32
Board:
    1    2    3    4    5    6    7    8    9  
   ──── ──── ──── ──── ──── ──── ──── ──── ────
A|  MW   --   --   MW   --   MW   --   MB   MW  |A
B|  --   MW   --   --   MW   --   MB   --   MW  |B
C|  MW   --   MW   --   --   MW   --   MB   MW  |C
D|  --   MW   MB   --   --   MW   MB   --   --  |D
E|  --   MW   MB   MW   MW   --   --   --   MB  |E
F|  MB   MB   MB   --   MB   MB   --   MB   --  |F
G|  MW   --   --   MB   --   --   MB   --   MB  |G
H|  --   MW   --   --   MW   --   --   MW   MB  |H
I|  MW   --   --   MB   --   --   MB   MB   --  |I
   ──── ──── ──── ──── ──── ──── ──── ──── ────
    1    2    3    4    5    6    7    8    9  

Elapsed time: 943
MOVE D4
Moves: 42 | White pawns: 33 | Black pawns: 33
Board:
    1    2    3    4    5    6    7    8    9  
   ──── ──── ──── ──── ──── ──── ──── ──── ────
A|  MW   --   --   MW   --   MW   --   MB   MW  |A
B|  --   MW   --   --   MW   --   MB   --   MW  |B
C|  MW   --   MW   --   --   MW   --   MB   MW  |C
D|  --   MW   MB   MB   --   MW   MB   --   --  |D
E|  --   MW   MB   MW   MW   --   --   --   MB  |E
F|  MB   MB   MB   --   MB   MB   --   MB   --  |F
G|  MW   --   --   MB   --   --   MB   --   MB  |G
H|  --   MW   --   --   MW   --   --   MW   MB  |H
I|  MW   --   --   MB   --   --   MB   MB   --  |I
   ──── ──── ──── ──── ──── ──── ──── ──── ────
    1    2    3    4    5    6    7    8    9  

Elapsed time: 936
MOVE I5
Moves: 43 | White pawns: 34 | Black pawns: 33
Board:
    1    2    3    4    5    6    7    8    9  
   ──── ──── ──── ──── ──── ──── ──── ──── ────
A|  MW   --   --   MW   --   MW   --   MB   MW  |A
B|  --   MW   --   --   MW   --   MB   --   MW  |B
C|  MW   --   MW   --   --   MW   --   MB   MW  |C
D|  --   MW   MB   MB   --   MW   MB   --   --  |D
E|  --   MW   MB   MW   MW   --   --   --   MB  |E
F|  MB   MB   MB   --   MB   MB   --   MB   --  |F
G|  MW   --   --   MB   --   --   MB   --   MB  |G
H|  --   MW   --   --   MW   --   --   MW   MB  |H
I|  MW   --   --   MB   MW   --   MB   MB   --  |I
   ──── ──── ──── ──── ──── ──── ──── ──── ────
    1    2    3    4    5    6    7    8    9  

Elapsed time: 937
MOVE I6
Moves: 44 | White pawns: 34 | Black pawns: 34
Board:
    1    2    3    4    5    6    7    8    9  
   ──── ──── ──── ──── ──── ──── ──── ──── ────
A|  MW   --   --   MW   --   MW   --   MB   MW  |A
B|  --   MW   --   --   MW   --   MB   --   MW  |B
C|  MW   --   MW   --   --   MW   --   MB   MW  |C
D|  --   MW   MB   MB   --   MW   MB   --   --  |D
E|  --   MW   MB   MW   MW   --   --   --   MB  |E
F|  MB   MB   MB   --   MB   MB   --   MB   --  |F
G|  MW   --   --   MB   --   --   MB   --   MB  |G
H|  --   MW   --   --   MW   --   --   MW   MB  |H
I|  MW   --   --   MB   MW   MB   MB   MB   --  |I
   ──── ──── ──── ──── ──── ──── ──── ──── ────
    1    2    3    4    5    6    7    8    9  

Elapsed time: 941
MOVE H6
Moves: 45 | White pawns: 35 | Black pawns: 34
Board:
    1    2    3    4    5    6    7    8    9  
   ──── ──── ──── ──── ──── ──── ──── ──── ────
A|  MW   --   --   MW   --   MW   --   MB   MW  |A
B|  --   MW   --   --   MW   --   MB   --   MW  |B
C|  MW   --   MW   --   --   MW   --   MB   MW  |C
D|  --   MW   MB   MB   --   MW   MB   --   --  |D
E|  --   MW   MB   MW   MW   --   --   --   MB  |E
F|  MB   MB   MB   --   MB   MB   --   MB   --  |F
G|  MW   --   --   MB   --   --   MB   --   MB  |G
H|  --   MW   --   --   MW   MW   --   MW   MB  |H
I|  MW   --   --   MB   MW   MB   MB   MB   --  |I
   ──── ──── ──── ──── ──── ──── ──── ──── ────
    1    2    3    4    5    6    7    8    9  

Elapsed time: 941
MOVE E1
Moves: 46 | White pawns: 35 | Black pawns: 35
Board:
    1    2    3    4    5    6    7    8    9  
   ──── ──── ──── ──── ──── ──── ──── ──── ────
A|  MW   --   --   MW   --   MW   --   MB   MW  |A
B|  --   MW   --   --   MW   --   MB   --   MW  |B
C|  MW   --   MW   --   --   MW   --   MB   MW  |C
D|  --   MW   MB   MB   --   MW   MB   --   --  |D
E|  MB   MW   MB   MW   MW   --   --   --   MB  |E
F|  MB   MB   MB   --   MB   MB   --   MB   --  |F
G|  MW   --   --   MB   --   --   MB   --   MB  |G
H|  --   MW   --   --   MW   MW   --   MW   MB  |H
I|  MW   --   --   MB   MW   MB   MB   MB   --  |I
   ──── ──── ──── ──── ──── ──── ──── ──── ────
    1    2    3    4    5    6    7    8    9  

Elapsed time: 943
MOVE C4
Moves: 47 | White pawns: 36 | Black pawns: 35
Board:
    1    2    3    4    5    6    7    8    9  
   ──── ──── ──── ──── ──── ──── ──── ──── ────
A|  MW   --   --   MW   --   MW   --   MB   MW  |A
B|  --   MW   --   --   MW   --   MB   --   MW  |B
C|  MW   --   MW   MW   --   MW   --   MB   MW  |C
D|  --   MW   MB   MB   --   MW   MB   --   --  |D
E|  MB   MW   MB   MW   MW   --   --   --   MB  |E
F|  MB   MB   MB   --   MB   MB   --   MB   --  |F
G|  MW   --   --   MB   --   --   MB   --   MB  |G
H|  --   MW   --   --   MW   MW   --   MW   MB  |H
I|  MW   --   --   MB   MW   MB   MB   MB   --  |I
   ──── ──── ──── ──── ──── ──── ──── ──── ────
    1    2    3    4    5    6    7    8    9  

Elapsed time: 940
MOVE H7
Moves: 48 | White pawns: 36 | Black pawns: 36
Board:
    1    2    3    4    5    6    7    8    9  
   ──── ──── ──── ──── ──── ──── ──── ──── ────
A|  MW   --   --   MW   --   MW   --   MB   MW  |A
B|  --   MW   --   --   MW   --   MB   --   MW  |B
C|  MW   --   MW   MW   --   MW   --   MB   MW  |C
D|  --   MW   MB   MB   --   MW   MB   --   --  |D
E|  MB   MW   MB   MW   MW   --   --   --   MB  |E
F|  MB   MB   MB   --   MB   MB   --   MB   --  |F
G|  MW   --   --   MB   --   --   MB   --   MB  |G
H|  --   MW   --   --   MW   MW   MB   MW   MB  |H
I|  MW   --   --   MB   MW   MB   MB   MB   --  |I
   ──── ──── ──── ──── ──── ──── ──── ──── ────
    1    2    3    4    5    6    7    8    9  

Elapsed time: 937
MOVE D9
Moves: 49 | White pawns: 37 | Black pawns: 36
White wins - Black loses

MATCH ENDED in 49 total moves

Final Board:
    1    2    3    4    5    6    7    8    9  
   ──── ──── ──── ──── ──── ──── ──── ──── ────
A|  MW   --   --   MW   --   MW   --   MB   MW  |A
B|  --   MW   --   --   MW   --   MB   --   MW  |B
C|  MW   --   MW   MW   --   MW   --   MB   MW  |C
D|  --   MW   MB   MB   --   MW   MB   --   MW  |D
E|  MB   MW   MB   MW   MW   --   --   --   MB  |E
F|  MB   MB   MB   --   MB   MB   --   MB   --  |F
G|  MW   --   --   MB   --   --   MB   --   MB  |G
H|  --   MW   --   --   MW   MW   MB   MW   MB  |H
I|  MW   --   --   MB   MW   MB   MB   MB   --  |I
   ──── ──── ──── ──── ──── ──── ──── ──── ────
    1    2    3    4    5    6    7    8    9  
